\BOOKMARK [-1][-]{part.1}{I Introduction}{}% 1
\BOOKMARK [0][-]{chapter.1}{Background}{part.1}% 2
\BOOKMARK [1][-]{section.1.1}{Sentiment Analysis}{chapter.1}% 3
\BOOKMARK [1][-]{section.1.2}{Datasets}{chapter.1}% 4
\BOOKMARK [2][-]{subsection.1.2.1}{Stanford Sentiment Treebank}{section.1.2}% 5
\BOOKMARK [2][-]{subsection.1.2.2}{IMDb Movie Review Dataset}{section.1.2}% 6
\BOOKMARK [2][-]{subsection.1.2.3}{Amazon Review Data}{section.1.2}% 7
\BOOKMARK [2][-]{subsection.1.2.4}{Twitter}{section.1.2}% 8
\BOOKMARK [2][-]{subsection.1.2.5}{Yelp}{section.1.2}% 9
\BOOKMARK [1][-]{section.1.3}{NoReC}{chapter.1}% 10
\BOOKMARK [2][-]{subsection.1.3.1}{Distribution of categories and ratings}{section.1.3}% 11
\BOOKMARK [1][-]{section.1.4}{Domain Adaptation}{chapter.1}% 12
\BOOKMARK [2][-]{subsection.1.4.1}{Transfer Learning}{section.1.4}% 13
\BOOKMARK [2][-]{subsection.1.4.2}{Pre-Training}{section.1.4}% 14
\BOOKMARK [2][-]{subsection.1.4.3}{Static Embeddings}{section.1.4}% 15
\BOOKMARK [2][-]{subsection.1.4.4}{Contextualized Embeddings}{section.1.4}% 16
\BOOKMARK [2][-]{subsection.1.4.5}{Fine-tuning}{section.1.4}% 17
\BOOKMARK [0][-]{chapter.2}{Temp}{part.1}% 18
\BOOKMARK [1][-]{section.2.1}{Preprocessing of NoReC}{chapter.2}% 19
\BOOKMARK [1][-]{section.2.2}{Initial Experiments with Bag of Words and TF-IDF}{chapter.2}% 20
\BOOKMARK [1][-]{section.2.3}{NorBERT}{chapter.2}% 21
\BOOKMARK [2][-]{subsection.2.3.1}{NorBERT Baseline}{section.2.3}% 22
\BOOKMARK [2][-]{subsection.2.3.2}{Further experiments with NorBERT}{section.2.3}% 23
